<?xml version="1.0" encoding="UTF-8"?>
<coverage generated="1485768307">
  <project timestamp="1485768307">
    <package name="uploadBundle\Controller">
      <file name="/var/www/html/test/newupload/src/uploadBundle/Controller/DefaultController.php">
        <class name="DefaultController" namespace="uploadBundle\Controller">
          <metrics methods="8" coveredmethods="3" conditionals="0" coveredconditionals="0" statements="46" coveredstatements="26" elements="54" coveredelements="29"/>
        </class>
        <line num="18" type="method" name="indexAction" crap="1" count="1"/>
        <line num="19" type="stmt" count="1"/>
        <line num="27" type="method" name="registerAction" crap="4.84" count="1"/>
        <line num="35" type="stmt" count="1"/>
        <line num="36" type="stmt" count="1"/>
        <line num="37" type="stmt" count="1"/>
        <line num="38" type="stmt" count="1"/>
        <line num="39" type="stmt" count="0"/>
        <line num="40" type="stmt" count="0"/>
        <line num="41" type="stmt" count="0"/>
        <line num="43" type="stmt" count="1"/>
        <line num="51" type="method" name="viewAction" crap="1" count="1"/>
        <line num="52" type="stmt" count="1"/>
        <line num="53" type="stmt" count="1"/>
        <line num="54" type="stmt" count="1"/>
        <line num="62" type="method" name="editAction" crap="3.24" count="1"/>
        <line num="64" type="stmt" count="1"/>
        <line num="65" type="stmt" count="1"/>
        <line num="66" type="stmt" count="1"/>
        <line num="67" type="stmt" count="1"/>
        <line num="68" type="stmt" count="1"/>
        <line num="70" type="stmt" count="1"/>
        <line num="71" type="stmt" count="0"/>
        <line num="72" type="stmt" count="0"/>
        <line num="73" type="stmt" count="0"/>
        <line num="75" type="stmt" count="1"/>
        <line num="83" type="method" name="viewuserAction" crap="2" count="0"/>
        <line num="84" type="stmt" count="0"/>
        <line num="85" type="stmt" count="0"/>
        <line num="86" type="stmt" count="0"/>
        <line num="94" type="method" name="deleteAction" crap="4" count="1"/>
        <line num="95" type="stmt" count="1"/>
        <line num="96" type="stmt" count="1"/>
        <line num="97" type="stmt" count="1"/>
        <line num="98" type="stmt" count="1"/>
        <line num="99" type="stmt" count="1"/>
        <line num="100" type="stmt" count="1"/>
        <line num="101" type="stmt" count="1"/>
        <line num="102" type="stmt" count="1"/>
        <line num="103" type="stmt" count="1"/>
        <line num="104" type="stmt" count="1"/>
        <line num="110" type="method" name="userNoteAction" crap="12" count="0"/>
        <line num="111" type="stmt" count="0"/>
        <line num="112" type="stmt" count="0"/>
        <line num="113" type="stmt" count="0"/>
        <line num="114" type="stmt" count="0"/>
        <line num="115" type="stmt" count="0"/>
        <line num="116" type="stmt" count="0"/>
        <line num="117" type="stmt" count="0"/>
        <line num="119" type="stmt" count="0"/>
        <line num="122" type="method" name="viewNoteAction" crap="2" count="0"/>
        <line num="123" type="stmt" count="0"/>
        <line num="124" type="stmt" count="0"/>
        <line num="125" type="stmt" count="0"/>
        <metrics loc="128" ncloc="85" classes="1" methods="8" coveredmethods="3" conditionals="0" coveredconditionals="0" statements="46" coveredstatements="26" elements="54" coveredelements="29"/>
      </file>
    </package>
    <package name="uploadBundle\DependencyInjection">
      <file name="/var/www/html/test/newupload/src/uploadBundle/DependencyInjection/Configuration.php">
        <class name="Configuration" namespace="uploadBundle\DependencyInjection">
          <metrics methods="1" coveredmethods="1" conditionals="0" coveredconditionals="0" statements="3" coveredstatements="3" elements="4" coveredelements="4"/>
        </class>
        <line num="18" type="method" name="getConfigTreeBuilder" crap="1" count="1"/>
        <line num="20" type="stmt" count="1"/>
        <line num="21" type="stmt" count="1"/>
        <line num="27" type="stmt" count="1"/>
        <metrics loc="29" ncloc="15" classes="1" methods="1" coveredmethods="1" conditionals="0" coveredconditionals="0" statements="3" coveredstatements="3" elements="4" coveredelements="4"/>
      </file>
      <file name="/var/www/html/test/newupload/src/uploadBundle/DependencyInjection/uploadExtension.php">
        <class name="uploadExtension" namespace="uploadBundle\DependencyInjection">
          <metrics methods="1" coveredmethods="1" conditionals="0" coveredconditionals="0" statements="5" coveredstatements="5" elements="6" coveredelements="6"/>
        </class>
        <line num="20" type="method" name="load" crap="1" count="1"/>
        <line num="22" type="stmt" count="1"/>
        <line num="23" type="stmt" count="1"/>
        <line num="25" type="stmt" count="1"/>
        <line num="26" type="stmt" count="1"/>
        <line num="27" type="stmt" count="1"/>
        <metrics loc="28" ncloc="20" classes="1" methods="1" coveredmethods="1" conditionals="0" coveredconditionals="0" statements="5" coveredstatements="5" elements="6" coveredelements="6"/>
      </file>
    </package>
    <package name="uploadBundle\Entity">
      <file name="/var/www/html/test/newupload/src/uploadBundle/Entity/Notes.php">
        <class name="Notes" namespace="uploadBundle\Entity">
          <metrics methods="5" coveredmethods="2" conditionals="0" coveredconditionals="0" statements="7" coveredstatements="4" elements="12" coveredelements="6"/>
        </class>
        <line num="33" type="method" name="getId" crap="2" count="0"/>
        <line num="35" type="stmt" count="0"/>
        <line num="44" type="method" name="setName" crap="1" count="1"/>
        <line num="46" type="stmt" count="1"/>
        <line num="48" type="stmt" count="1"/>
        <line num="56" type="method" name="getName" crap="2" count="0"/>
        <line num="58" type="stmt" count="0"/>
        <line num="67" type="method" name="setNote" crap="1" count="1"/>
        <line num="69" type="stmt" count="1"/>
        <line num="71" type="stmt" count="1"/>
        <line num="79" type="method" name="getNote" crap="2" count="0"/>
        <line num="81" type="stmt" count="0"/>
        <metrics loc="83" ncloc="44" classes="1" methods="5" coveredmethods="2" conditionals="0" coveredconditionals="0" statements="7" coveredstatements="4" elements="12" coveredelements="6"/>
      </file>
      <file name="/var/www/html/test/newupload/src/uploadBundle/Entity/Uploadinfo.php">
        <class name="Uploadinfo" namespace="uploadBundle\Entity">
          <metrics methods="21" coveredmethods="19" conditionals="0" coveredconditionals="0" statements="30" coveredstatements="28" elements="51" coveredelements="47"/>
        </class>
        <line num="53" type="method" name="getId" crap="1" count="2"/>
        <line num="55" type="stmt" count="2"/>
        <line num="64" type="method" name="setFirstName" crap="1" count="7"/>
        <line num="66" type="stmt" count="7"/>
        <line num="68" type="stmt" count="7"/>
        <line num="76" type="method" name="getFirstName" crap="1" count="2"/>
        <line num="78" type="stmt" count="2"/>
        <line num="87" type="method" name="setLastName" crap="1" count="7"/>
        <line num="89" type="stmt" count="7"/>
        <line num="91" type="stmt" count="7"/>
        <line num="99" type="method" name="getLastName" crap="1" count="2"/>
        <line num="101" type="stmt" count="2"/>
        <line num="110" type="method" name="setAddress" crap="1" count="7"/>
        <line num="112" type="stmt" count="7"/>
        <line num="114" type="stmt" count="7"/>
        <line num="122" type="method" name="getAddress" crap="1" count="2"/>
        <line num="124" type="stmt" count="2"/>
        <line num="133" type="method" name="setEmail" crap="1" count="7"/>
        <line num="135" type="stmt" count="7"/>
        <line num="137" type="stmt" count="7"/>
        <line num="145" type="method" name="getEmail" crap="1" count="2"/>
        <line num="147" type="stmt" count="2"/>
        <line num="156" type="method" name="setFile" crap="1" count="2"/>
        <line num="158" type="stmt" count="2"/>
        <line num="160" type="stmt" count="2"/>
        <line num="168" type="method" name="getFile" crap="1" count="3"/>
        <line num="170" type="stmt" count="3"/>
        <line num="179" type="method" name="setPhone" crap="1" count="7"/>
        <line num="181" type="stmt" count="7"/>
        <line num="183" type="stmt" count="7"/>
        <line num="191" type="method" name="getPhone" crap="1" count="2"/>
        <line num="193" type="stmt" count="2"/>
        <line num="196" type="method" name="getDocumentPdfAbsolutePath" crap="1" count="1"/>
        <line num="198" type="stmt" count="1"/>
        <line num="201" type="method" name="getUploadRootDir" crap="1" count="1"/>
        <line num="203" type="stmt" count="1"/>
        <line num="222" type="method" name="setCreatedDate" crap="1" count="6"/>
        <line num="224" type="stmt" count="6"/>
        <line num="226" type="stmt" count="6"/>
        <line num="234" type="method" name="getCreatedDate" crap="2" count="0"/>
        <line num="236" type="stmt" count="0"/>
        <line num="245" type="method" name="setModifiedDate" crap="1" count="7"/>
        <line num="247" type="stmt" count="7"/>
        <line num="249" type="stmt" count="7"/>
        <line num="257" type="method" name="getModifiedDate" crap="2" count="0"/>
        <line num="259" type="stmt" count="0"/>
        <line num="274" type="method" name="setAddressTwo" crap="1" count="7"/>
        <line num="276" type="stmt" count="7"/>
        <line num="278" type="stmt" count="7"/>
        <line num="286" type="method" name="getAddressTwo" crap="1" count="2"/>
        <line num="288" type="stmt" count="2"/>
        <metrics loc="290" ncloc="153" classes="1" methods="21" coveredmethods="19" conditionals="0" coveredconditionals="0" statements="30" coveredstatements="28" elements="51" coveredelements="47"/>
      </file>
    </package>
    <package name="uploadBundle\Services">
      <file name="/var/www/html/test/newupload/src/uploadBundle/Services/UserManager.php">
        <class name="UserManager" namespace="uploadBundle\Services">
          <metrics methods="4" coveredmethods="1" conditionals="0" coveredconditionals="0" statements="59" coveredstatements="43" elements="63" coveredelements="44"/>
        </class>
        <line num="19" type="method" name="__construct" crap="1" count="5"/>
        <line num="20" type="stmt" count="5"/>
        <line num="21" type="stmt" count="5"/>
        <line num="26" type="method" name="saveUserDetails" crap="7.87" count="1"/>
        <line num="28" type="stmt" count="1"/>
        <line num="29" type="stmt" count="1"/>
        <line num="30" type="stmt" count="1"/>
        <line num="31" type="stmt" count="1"/>
        <line num="32" type="stmt" count="1"/>
        <line num="33" type="stmt" count="0"/>
        <line num="34" type="stmt" count="0"/>
        <line num="35" type="stmt" count="0"/>
        <line num="36" type="stmt" count="0"/>
        <line num="37" type="stmt" count="0"/>
        <line num="38" type="stmt" count="1"/>
        <line num="39" type="stmt" count="1"/>
        <line num="40" type="stmt" count="1"/>
        <line num="41" type="stmt" count="1"/>
        <line num="42" type="stmt" count="1"/>
        <line num="43" type="stmt" count="1"/>
        <line num="44" type="stmt" count="1"/>
        <line num="45" type="stmt" count="1"/>
        <line num="46" type="stmt" count="1"/>
        <line num="47" type="stmt" count="1"/>
        <line num="48" type="stmt" count="1"/>
        <line num="49" type="stmt" count="1"/>
        <line num="51" type="stmt" count="0"/>
        <line num="57" type="method" name="updateUserDetails" crap="9.03" count="1"/>
        <line num="59" type="stmt" count="1"/>
        <line num="60" type="stmt" count="1"/>
        <line num="61" type="stmt" count="1"/>
        <line num="62" type="stmt" count="1"/>
        <line num="63" type="stmt" count="1"/>
        <line num="64" type="stmt" count="0"/>
        <line num="65" type="stmt" count="0"/>
        <line num="66" type="stmt" count="0"/>
        <line num="67" type="stmt" count="0"/>
        <line num="68" type="stmt" count="0"/>
        <line num="69" type="stmt" count="0"/>
        <line num="70" type="stmt" count="0"/>
        <line num="71" type="stmt" count="0"/>
        <line num="72" type="stmt" count="1"/>
        <line num="74" type="stmt" count="1"/>
        <line num="75" type="stmt" count="1"/>
        <line num="76" type="stmt" count="1"/>
        <line num="77" type="stmt" count="1"/>
        <line num="78" type="stmt" count="1"/>
        <line num="79" type="stmt" count="1"/>
        <line num="80" type="stmt" count="1"/>
        <line num="81" type="stmt" count="1"/>
        <line num="82" type="stmt" count="1"/>
        <line num="83" type="stmt" count="1"/>
        <line num="84" type="stmt" count="1"/>
        <line num="86" type="stmt" count="0"/>
        <line num="92" type="method" name="saveNote" crap="3.02" count="1"/>
        <line num="93" type="stmt" count="1"/>
        <line num="94" type="stmt" count="1"/>
        <line num="95" type="stmt" count="1"/>
        <line num="96" type="stmt" count="1"/>
        <line num="97" type="stmt" count="1"/>
        <line num="98" type="stmt" count="1"/>
        <line num="99" type="stmt" count="1"/>
        <line num="101" type="stmt" count="0"/>
        <metrics loc="105" ncloc="93" classes="1" methods="4" coveredmethods="1" conditionals="0" coveredconditionals="0" statements="59" coveredstatements="43" elements="63" coveredelements="44"/>
      </file>
    </package>
    <package name="uploadBundle">
      <file name="/var/www/html/test/newupload/src/uploadBundle/uploadBundle.php">
        <class name="uploadBundle" namespace="uploadBundle">
          <metrics methods="0" coveredmethods="0" conditionals="0" coveredconditionals="0" statements="0" coveredstatements="0" elements="0" coveredelements="0"/>
        </class>
        <metrics loc="9" ncloc="9" classes="1" methods="0" coveredmethods="0" conditionals="0" coveredconditionals="0" statements="0" coveredstatements="0" elements="0" coveredelements="0"/>
      </file>
    </package>
    <metrics files="7" loc="672" ncloc="419" classes="7" methods="40" coveredmethods="27" conditionals="0" coveredconditionals="0" statements="150" coveredstatements="109" elements="190" coveredelements="136"/>
  </project>
</coverage>
