<?xml version="1.0" encoding="UTF-8"?>
<coverage generated="1498132415">
  <project timestamp="1498132415">
    <package name="uploadBundle\Entity">
      <file name="/var/www/html/newupload_new/src/uploadBundle/Entity/Notes.php">
        <class name="Notes" namespace="uploadBundle\Entity">
          <metrics methods="5" coveredmethods="0" conditionals="0" coveredconditionals="0" statements="7" coveredstatements="0" elements="12" coveredelements="0"/>
        </class>
        <line num="33" type="method" name="getId" crap="2" count="0"/>
        <line num="35" type="stmt" count="0"/>
        <line num="44" type="method" name="setName" crap="2" count="0"/>
        <line num="46" type="stmt" count="0"/>
        <line num="48" type="stmt" count="0"/>
        <line num="56" type="method" name="getName" crap="2" count="0"/>
        <line num="58" type="stmt" count="0"/>
        <line num="67" type="method" name="setNote" crap="2" count="0"/>
        <line num="69" type="stmt" count="0"/>
        <line num="71" type="stmt" count="0"/>
        <line num="79" type="method" name="getNote" crap="2" count="0"/>
        <line num="81" type="stmt" count="0"/>
        <metrics loc="83" ncloc="44" classes="1" methods="5" coveredmethods="0" conditionals="0" coveredconditionals="0" statements="7" coveredstatements="0" elements="12" coveredelements="0"/>
      </file>
      <file name="/var/www/html/newupload_new/src/uploadBundle/Entity/Uploadinfo.php">
        <class name="Uploadinfo" namespace="uploadBundle\Entity">
          <metrics methods="21" coveredmethods="9" conditionals="0" coveredconditionals="0" statements="30" coveredstatements="18" elements="51" coveredelements="27"/>
        </class>
        <line num="53" type="method" name="getId" crap="2" count="0"/>
        <line num="55" type="stmt" count="0"/>
        <line num="64" type="method" name="setFirstName" crap="1" count="1"/>
        <line num="66" type="stmt" count="1"/>
        <line num="68" type="stmt" count="1"/>
        <line num="76" type="method" name="getFirstName" crap="2" count="0"/>
        <line num="78" type="stmt" count="0"/>
        <line num="87" type="method" name="setLastName" crap="1" count="1"/>
        <line num="89" type="stmt" count="1"/>
        <line num="91" type="stmt" count="1"/>
        <line num="99" type="method" name="getLastName" crap="2" count="0"/>
        <line num="101" type="stmt" count="0"/>
        <line num="110" type="method" name="setAddress" crap="1" count="1"/>
        <line num="112" type="stmt" count="1"/>
        <line num="114" type="stmt" count="1"/>
        <line num="122" type="method" name="getAddress" crap="2" count="0"/>
        <line num="124" type="stmt" count="0"/>
        <line num="133" type="method" name="setEmail" crap="1" count="1"/>
        <line num="135" type="stmt" count="1"/>
        <line num="137" type="stmt" count="1"/>
        <line num="145" type="method" name="getEmail" crap="2" count="0"/>
        <line num="147" type="stmt" count="0"/>
        <line num="156" type="method" name="setFile" crap="1" count="1"/>
        <line num="158" type="stmt" count="1"/>
        <line num="160" type="stmt" count="1"/>
        <line num="168" type="method" name="getFile" crap="2" count="0"/>
        <line num="170" type="stmt" count="0"/>
        <line num="179" type="method" name="setPhone" crap="1" count="1"/>
        <line num="181" type="stmt" count="1"/>
        <line num="183" type="stmt" count="1"/>
        <line num="191" type="method" name="getPhone" crap="2" count="0"/>
        <line num="193" type="stmt" count="0"/>
        <line num="196" type="method" name="getDocumentPdfAbsolutePath" crap="2" count="0"/>
        <line num="198" type="stmt" count="0"/>
        <line num="201" type="method" name="getUploadRootDir" crap="2" count="0"/>
        <line num="203" type="stmt" count="0"/>
        <line num="222" type="method" name="setCreatedDate" crap="1" count="1"/>
        <line num="224" type="stmt" count="1"/>
        <line num="226" type="stmt" count="1"/>
        <line num="234" type="method" name="getCreatedDate" crap="2" count="0"/>
        <line num="236" type="stmt" count="0"/>
        <line num="245" type="method" name="setModifiedDate" crap="1" count="1"/>
        <line num="247" type="stmt" count="1"/>
        <line num="249" type="stmt" count="1"/>
        <line num="257" type="method" name="getModifiedDate" crap="2" count="0"/>
        <line num="259" type="stmt" count="0"/>
        <line num="274" type="method" name="setAddressTwo" crap="1" count="1"/>
        <line num="276" type="stmt" count="1"/>
        <line num="278" type="stmt" count="1"/>
        <line num="286" type="method" name="getAddressTwo" crap="2" count="0"/>
        <line num="288" type="stmt" count="0"/>
        <metrics loc="290" ncloc="153" classes="1" methods="21" coveredmethods="9" conditionals="0" coveredconditionals="0" statements="30" coveredstatements="18" elements="51" coveredelements="27"/>
      </file>
    </package>
    <package name="uploadBundle\Services">
      <file name="/var/www/html/newupload_new/src/uploadBundle/Services/UserManager.php">
        <class name="UserManager" namespace="uploadBundle\Services">
          <metrics methods="5" coveredmethods="1" conditionals="0" coveredconditionals="0" statements="60" coveredstatements="17" elements="65" coveredelements="18"/>
        </class>
        <line num="19" type="method" name="__construct" crap="1" count="1"/>
        <line num="21" type="stmt" count="1"/>
        <line num="22" type="stmt" count="1"/>
        <line num="28" type="method" name="saveUserDetails" crap="4.00" count="1"/>
        <line num="31" type="stmt" count="1"/>
        <line num="33" type="stmt" count="1"/>
        <line num="34" type="stmt" count="1"/>
        <line num="35" type="stmt" count="1"/>
        <line num="36" type="stmt" count="1"/>
        <line num="37" type="stmt" count="1"/>
        <line num="38" type="stmt" count="1"/>
        <line num="39" type="stmt" count="1"/>
        <line num="40" type="stmt" count="1"/>
        <line num="41" type="stmt" count="1"/>
        <line num="42" type="stmt" count="1"/>
        <line num="43" type="stmt" count="1"/>
        <line num="44" type="stmt" count="1"/>
        <line num="45" type="stmt" count="1"/>
        <line num="46" type="stmt" count="1"/>
        <line num="48" type="stmt" count="0"/>
        <line num="55" type="method" name="updateUserDetails" crap="56" count="0"/>
        <line num="58" type="stmt" count="0"/>
        <line num="59" type="stmt" count="0"/>
        <line num="60" type="stmt" count="0"/>
        <line num="61" type="stmt" count="0"/>
        <line num="62" type="stmt" count="0"/>
        <line num="63" type="stmt" count="0"/>
        <line num="64" type="stmt" count="0"/>
        <line num="65" type="stmt" count="0"/>
        <line num="66" type="stmt" count="0"/>
        <line num="67" type="stmt" count="0"/>
        <line num="68" type="stmt" count="0"/>
        <line num="69" type="stmt" count="0"/>
        <line num="70" type="stmt" count="0"/>
        <line num="71" type="stmt" count="0"/>
        <line num="73" type="stmt" count="0"/>
        <line num="74" type="stmt" count="0"/>
        <line num="75" type="stmt" count="0"/>
        <line num="76" type="stmt" count="0"/>
        <line num="77" type="stmt" count="0"/>
        <line num="78" type="stmt" count="0"/>
        <line num="79" type="stmt" count="0"/>
        <line num="80" type="stmt" count="0"/>
        <line num="81" type="stmt" count="0"/>
        <line num="82" type="stmt" count="0"/>
        <line num="83" type="stmt" count="0"/>
        <line num="85" type="stmt" count="0"/>
        <line num="91" type="method" name="saveNote" crap="12" count="0"/>
        <line num="93" type="stmt" count="0"/>
        <line num="94" type="stmt" count="0"/>
        <line num="95" type="stmt" count="0"/>
        <line num="96" type="stmt" count="0"/>
        <line num="97" type="stmt" count="0"/>
        <line num="98" type="stmt" count="0"/>
        <line num="99" type="stmt" count="0"/>
        <line num="101" type="stmt" count="0"/>
        <line num="104" type="method" name="getTimeOfDay" crap="56" count="0"/>
        <line num="106" type="stmt" count="0"/>
        <line num="108" type="stmt" count="0"/>
        <line num="109" type="stmt" count="0"/>
        <line num="112" type="stmt" count="0"/>
        <line num="113" type="stmt" count="0"/>
        <line num="116" type="stmt" count="0"/>
        <line num="117" type="stmt" count="0"/>
        <line num="119" type="stmt" count="0"/>
        <metrics loc="122" ncloc="110" classes="1" methods="5" coveredmethods="1" conditionals="0" coveredconditionals="0" statements="60" coveredstatements="17" elements="65" coveredelements="18"/>
      </file>
    </package>
    <package name="uploadBundle">
      <file name="/var/www/html/newupload_new/src/uploadBundle/uploadBundle.php">
        <class name="uploadBundle" namespace="uploadBundle">
          <metrics methods="0" coveredmethods="0" conditionals="0" coveredconditionals="0" statements="0" coveredstatements="0" elements="0" coveredelements="0"/>
        </class>
        <metrics loc="9" ncloc="9" classes="1" methods="0" coveredmethods="0" conditionals="0" coveredconditionals="0" statements="0" coveredstatements="0" elements="0" coveredelements="0"/>
      </file>
    </package>
    <metrics files="4" loc="504" ncloc="316" classes="4" methods="31" coveredmethods="10" conditionals="0" coveredconditionals="0" statements="97" coveredstatements="35" elements="128" coveredelements="45"/>
  </project>
</coverage>
